[debug] [2022-11-27T03:22:06.444Z] ----------------------------------------------------------------------
[debug] [2022-11-27T03:22:06.445Z] Command:       /usr/local/bin/node /usr/local/bin/firebase init
[debug] [2022-11-27T03:22:06.446Z] CLI Version:   11.16.1
[debug] [2022-11-27T03:22:06.446Z] Platform:      darwin
[debug] [2022-11-27T03:22:06.446Z] Node Version:  v18.12.1
[debug] [2022-11-27T03:22:06.450Z] Time:          Sat Nov 26 2022 21:22:06 GMT-0600 (Central Standard Time)
[debug] [2022-11-27T03:22:06.450Z] ----------------------------------------------------------------------
[debug] 
[debug] [2022-11-27T03:22:06.483Z] > command requires scopes: ["email","openid","https://www.googleapis.com/auth/cloudplatformprojects.readonly","https://www.googleapis.com/auth/firebase","https://www.googleapis.com/auth/cloud-platform"]
[debug] [2022-11-27T03:22:06.483Z] > authorizing via signed-in user (ellacutler02@gmail.com)
[info] 
     ######## #### ########  ######## ########     ###     ######  ########
     ##        ##  ##     ## ##       ##     ##  ##   ##  ##       ##
     ######    ##  ########  ######   ########  #########  ######  ######
     ##        ##  ##    ##  ##       ##     ## ##     ##       ## ##
     ##       #### ##     ## ######## ########  ##     ##  ######  ########

You're about to initialize a Firebase project in this directory:

  /Users/ella/Desktop/untitled folder/website

Before we get started, keep in mind:

  * You are initializing within an existing Firebase project directory

